Release 14.7 - xst P.20131013 (lin64)
Copyright (c) 1995-2013 Xilinx, Inc.  All rights reserved.
--> 
Parameter TMPDIR set to xst/projnav.tmp


Total REAL time to Xst completion: 0.00 secs
Total CPU time to Xst completion: 0.07 secs
 
--> 
Parameter xsthdpdir set to xst


Total REAL time to Xst completion: 0.00 secs
Total CPU time to Xst completion: 0.07 secs
 
--> 
Reading design: horas.prj

TABLE OF CONTENTS
  1) Synthesis Options Summary
  2) HDL Compilation
  3) Design Hierarchy Analysis
  4) HDL Analysis
  5) HDL Synthesis
     5.1) HDL Synthesis Report
  6) Advanced HDL Synthesis
     6.1) Advanced HDL Synthesis Report
  7) Low Level Synthesis
  8) Partition Report
  9) Final Report
	9.1) Device utilization summary
	9.2) Partition Resource Summary
	9.3) TIMING REPORT


=========================================================================
*                      Synthesis Options Summary                        *
=========================================================================
---- Source Parameters
Input File Name                    : "horas.prj"
Input Format                       : mixed
Ignore Synthesis Constraint File   : NO

---- Target Parameters
Output File Name                   : "horas"
Output Format                      : NGC
Target Device                      : xc3s1600e-4-fg320

---- Source Options
Top Module Name                    : horas
Automatic FSM Extraction           : YES
FSM Encoding Algorithm             : Auto
Safe Implementation                : No
FSM Style                          : LUT
RAM Extraction                     : Yes
RAM Style                          : Auto
ROM Extraction                     : Yes
Mux Style                          : Auto
Decoder Extraction                 : YES
Priority Encoder Extraction        : Yes
Shift Register Extraction          : YES
Logical Shifter Extraction         : YES
XOR Collapsing                     : YES
ROM Style                          : Auto
Mux Extraction                     : Yes
Resource Sharing                   : YES
Asynchronous To Synchronous        : NO
Multiplier Style                   : Auto
Automatic Register Balancing       : No

---- Target Options
Add IO Buffers                     : YES
Global Maximum Fanout              : 500
Add Generic Clock Buffer(BUFG)     : 24
Register Duplication               : YES
Slice Packing                      : YES
Optimize Instantiated Primitives   : NO
Use Clock Enable                   : Yes
Use Synchronous Set                : Yes
Use Synchronous Reset              : Yes
Pack IO Registers into IOBs        : Auto
Equivalent register Removal        : YES

---- General Options
Optimization Goal                  : Speed
Optimization Effort                : 1
Keep Hierarchy                     : No
Netlist Hierarchy                  : As_Optimized
RTL Output                         : Yes
Global Optimization                : AllClockNets
Read Cores                         : YES
Write Timing Constraints           : NO
Cross Clock Analysis               : NO
Hierarchy Separator                : /
Bus Delimiter                      : <>
Case Specifier                     : Maintain
Slice Utilization Ratio            : 100
BRAM Utilization Ratio             : 100
Verilog 2001                       : YES
Auto BRAM Packing                  : NO
Slice Utilization Ratio Delta      : 5

=========================================================================


=========================================================================
*                          HDL Compilation                              *
=========================================================================
Compiling vhdl file "/home/ise/Proyectos/contador-8bits/counter.vhd" in Library work.
Architecture behavioral of Entity counter is up to date.
Compiling vhdl file "/home/ise/Proyectos/cronometro-digital/minutos.vhd" in Library work.
Architecture minarch of Entity minutos is up to date.
Compiling vhdl file "/home/ise/Proyectos/cronometro-digital/horas.vhd" in Library work.
Architecture hoursarch of Entity horas is up to date.

=========================================================================
*                     Design Hierarchy Analysis                         *
=========================================================================
Analyzing hierarchy for entity <horas> in library <work> (architecture <hoursarch>) with generics.
	n = 8

Analyzing hierarchy for entity <minutos> in library <work> (architecture <minarch>) with generics.
	b = 8
	n = 8

Analyzing hierarchy for entity <counter> in library <work> (architecture <behavioral>) with generics.
	b = 8
	n = 8


=========================================================================
*                            HDL Analysis                               *
=========================================================================
Analyzing generic Entity <horas> in library <work> (Architecture <hoursarch>).
	n = 8
Entity <horas> analyzed. Unit <horas> generated.

Analyzing generic Entity <minutos> in library <work> (Architecture <minarch>).
	b = 8
	n = 8
Entity <minutos> analyzed. Unit <minutos> generated.

Analyzing generic Entity <counter> in library <work> (Architecture <behavioral>).
	b = 8
	n = 8
Entity <counter> analyzed. Unit <counter> generated.


=========================================================================
*                           HDL Synthesis                               *
=========================================================================

Performing bidirectional port resolution...

Synthesizing Unit <counter>.
    Related source file is "/home/ise/Proyectos/contador-8bits/counter.vhd".
    Found finite state machine <FSM_0> for signal <state>.
    -----------------------------------------------------------------------
    | States             | 3                                              |
    | Transitions        | 6                                              |
    | Inputs             | 1                                              |
    | Outputs            | 1                                              |
    | Clock              | clk                       (rising_edge)        |
    | Clock enable       | state$cmp_eq0000          (positive)           |
    | Reset              | stop                      (positive)           |
    | Reset type         | synchronous                                    |
    | Reset State        | 00                                             |
    | Encoding           | automatic                                      |
    | Implementation     | LUT                                            |
    -----------------------------------------------------------------------
    Found 26-bit up counter for signal <count>.
    Found 8-bit up counter for signal <sdout>.
    Summary:
	inferred   1 Finite State Machine(s).
	inferred   2 Counter(s).
Unit <counter> synthesized.


Synthesizing Unit <minutos>.
    Related source file is "/home/ise/Proyectos/cronometro-digital/minutos.vhd".
    Found 1-bit register for signal <clk_div>.
    Found 4-bit up counter for signal <count10>.
    Summary:
	inferred   1 Counter(s).
	inferred   1 D-type flip-flop(s).
Unit <minutos> synthesized.


Synthesizing Unit <horas>.
    Related source file is "/home/ise/Proyectos/cronometro-digital/horas.vhd".
    Found 1-bit register for signal <clk_div>.
    Found 2-bit up counter for signal <count3>.
    Summary:
	inferred   1 Counter(s).
	inferred   1 D-type flip-flop(s).
Unit <horas> synthesized.


=========================================================================
HDL Synthesis Report

Macro Statistics
# Counters                                             : 4
 2-bit up counter                                      : 1
 26-bit up counter                                     : 1
 4-bit up counter                                      : 1
 8-bit up counter                                      : 1
# Registers                                            : 2
 1-bit register                                        : 2

=========================================================================

=========================================================================
*                       Advanced HDL Synthesis                          *
=========================================================================

Analyzing FSM <FSM_0> for best encoding.
Optimizing FSM <minutes/segundos/state/FSM> on signal <state[1:2]> with user encoding.
-------------------
 State | Encoding
-------------------
 00    | 00
 01    | 01
 10    | 10
-------------------

=========================================================================
Advanced HDL Synthesis Report

Macro Statistics
# FSMs                                                 : 1
# Counters                                             : 4
 2-bit up counter                                      : 1
 26-bit up counter                                     : 1
 4-bit up counter                                      : 1
 8-bit up counter                                      : 1
# Registers                                            : 2
 Flip-Flops                                            : 2

=========================================================================

=========================================================================
*                         Low Level Synthesis                           *
=========================================================================

Optimizing unit <horas> ...

Optimizing unit <counter> ...

Mapping all equations...
Building and optimizing final netlist ...
Found area constraint ratio of 100 (+ 5) on block horas, actual ratio is 0.

Final Macro Processing ...

=========================================================================
Final Register Report

Macro Statistics
# Registers                                            : 43
 Flip-Flops                                            : 43

=========================================================================

=========================================================================
*                           Partition Report                            *
=========================================================================

Partition Implementation Status
-------------------------------

  No Partitions were found in this design.

-------------------------------

=========================================================================
*                            Final Report                               *
=========================================================================
Final Results
RTL Top Level Output File Name     : horas.ngr
Top Level Output File Name         : horas
Output Format                      : NGC
Optimization Goal                  : Speed
Keep Hierarchy                     : No

Design Statistics
# IOs                              : 11

Cell Usage :
# BELS                             : 135
#      GND                         : 1
#      INV                         : 7
#      LUT1                        : 32
#      LUT2                        : 8
#      LUT3                        : 2
#      LUT4                        : 10
#      LUT4_L                      : 1
#      MUXCY                       : 39
#      VCC                         : 1
#      XORCY                       : 34
# FlipFlops/Latches                : 43
#      FDRE                        : 43
# Clock Buffers                    : 2
#      BUFG                        : 1
#      BUFGP                       : 1
# IO Buffers                       : 10
#      IBUF                        : 2
#      OBUF                        : 8
=========================================================================

Device utilization summary:
---------------------------

Selected Device : 3s1600efg320-4 

 Number of Slices:                       29  out of  14752     0%  
 Number of Slice Flip Flops:             43  out of  29504     0%  
 Number of 4 input LUTs:                 60  out of  29504     0%  
 Number of IOs:                          11
 Number of bonded IOBs:                  11  out of    250     4%  
 Number of GCLKs:                         2  out of     24     8%  

---------------------------
Partition Resource Summary:
---------------------------

  No Partitions were found in this design.

---------------------------


=========================================================================
TIMING REPORT

NOTE: THESE TIMING NUMBERS ARE ONLY A SYNTHESIS ESTIMATE.
      FOR ACCURATE TIMING INFORMATION PLEASE REFER TO THE TRACE REPORT
      GENERATED AFTER PLACE-and-ROUTE.

Clock Information:
------------------
-----------------------------------+------------------------+-------+
Clock Signal                       | Clock buffer(FF name)  | Load  |
-----------------------------------+------------------------+-------+
clk                                | BUFGP                  | 3     |
clk_div                            | NONE(minutes/clk_div)  | 5     |
minutes/clk_div1                   | BUFG                   | 35    |
-----------------------------------+------------------------+-------+
INFO:Xst:2169 - HDL ADVISOR - Some clock signals were not automatically buffered by XST with BUFG/BUFR resources. Please use the buffer_type constraint in order to insert these buffers to the clock signals to help prevent skew problems.

Asynchronous Control Signals Information:
----------------------------------------
No asynchronous control signals found in this design

Timing Summary:
---------------
Speed Grade: -4

   Minimum period: 6.548ns (Maximum Frequency: 152.711MHz)
   Minimum input arrival time before clock: 5.025ns
   Maximum output required time after clock: 4.394ns
   Maximum combinational path delay: No path found

Timing Detail:
--------------
All values displayed in nanoseconds (ns)

=========================================================================
Timing constraint: Default period analysis for Clock 'clk'
  Clock period: 3.415ns (frequency: 292.826MHz)
  Total number of paths / destination ports: 10 / 6
-------------------------------------------------------------------------
Delay:               3.415ns (Levels of Logic = 1)
  Source:            count3_0 (FF)
  Destination:       count3_0 (FF)
  Source Clock:      clk rising
  Destination Clock: clk rising

  Data Path: count3_0 to count3_0
                                Gate     Net
    Cell:in->out      fanout   Delay   Delay  Logical Name (Net Name)
    ----------------------------------------  ------------
     FDRE:C->Q             4   0.591   0.762  count3_0 (count3_0)
     LUT3:I0->O            2   0.704   0.447  count3_and00001 (count3_and0000)
     FDRE:R                    0.911          count3_0
    ----------------------------------------
    Total                      3.415ns (2.206ns logic, 1.209ns route)
                                       (64.6% logic, 35.4% route)

=========================================================================
Timing constraint: Default period analysis for Clock 'clk_div'
  Clock period: 4.927ns (frequency: 202.963MHz)
  Total number of paths / destination ports: 31 / 10
-------------------------------------------------------------------------
Delay:               4.927ns (Levels of Logic = 2)
  Source:            minutes/count10_0 (FF)
  Destination:       minutes/count10_0 (FF)
  Source Clock:      clk_div rising
  Destination Clock: clk_div rising

  Data Path: minutes/count10_0 to minutes/count10_0
                                Gate     Net
    Cell:in->out      fanout   Delay   Delay  Logical Name (Net Name)
    ----------------------------------------  ------------
     FDRE:C->Q             5   0.591   0.808  minutes/count10_0 (minutes/count10_0)
     LUT4:I0->O            2   0.704   0.622  minutes/clk_div_cmp_eq00001 (minutes/clk_div_cmp_eq0000)
     LUT2:I0->O            4   0.704   0.587  minutes/count10_and00001 (minutes/count10_and0000)
     FDRE:R                    0.911          minutes/count10_0
    ----------------------------------------
    Total                      4.927ns (2.910ns logic, 2.017ns route)
                                       (59.1% logic, 40.9% route)

=========================================================================
Timing constraint: Default period analysis for Clock 'minutes/clk_div1'
  Clock period: 6.548ns (frequency: 152.711MHz)
  Total number of paths / destination ports: 1578 / 78
-------------------------------------------------------------------------
Delay:               6.548ns (Levels of Logic = 9)
  Source:            minutes/segundos/count_5 (FF)
  Destination:       minutes/segundos/count_25 (FF)
  Source Clock:      minutes/clk_div1 rising
  Destination Clock: minutes/clk_div1 rising

  Data Path: minutes/segundos/count_5 to minutes/segundos/count_25
                                Gate     Net
    Cell:in->out      fanout   Delay   Delay  Logical Name (Net Name)
    ----------------------------------------  ------------
     FDRE:C->Q             2   0.591   0.622  minutes/segundos/count_5 (minutes/segundos/count_5)
     LUT2:I0->O            1   0.704   0.000  minutes/segundos/state_cmp_eq0000_wg_lut<0> (minutes/segundos/state_cmp_eq0000_wg_lut<0>)
     MUXCY:S->O            1   0.464   0.000  minutes/segundos/state_cmp_eq0000_wg_cy<0> (minutes/segundos/state_cmp_eq0000_wg_cy<0>)
     MUXCY:CI->O           1   0.059   0.000  minutes/segundos/state_cmp_eq0000_wg_cy<1> (minutes/segundos/state_cmp_eq0000_wg_cy<1>)
     MUXCY:CI->O           1   0.059   0.000  minutes/segundos/state_cmp_eq0000_wg_cy<2> (minutes/segundos/state_cmp_eq0000_wg_cy<2>)
     MUXCY:CI->O           1   0.059   0.000  minutes/segundos/state_cmp_eq0000_wg_cy<3> (minutes/segundos/state_cmp_eq0000_wg_cy<3>)
     MUXCY:CI->O           1   0.059   0.000  minutes/segundos/state_cmp_eq0000_wg_cy<4> (minutes/segundos/state_cmp_eq0000_wg_cy<4>)
     MUXCY:CI->O           1   0.059   0.000  minutes/segundos/state_cmp_eq0000_wg_cy<5> (minutes/segundos/state_cmp_eq0000_wg_cy<5>)
     MUXCY:CI->O           4   0.331   0.666  minutes/segundos/state_cmp_eq0000_wg_cy<6> (minutes/segundos/state_cmp_eq0000)
     LUT2:I1->O           26   0.704   1.260  minutes/segundos/count_and00001 (minutes/segundos/count_and0000)
     FDRE:R                    0.911          minutes/segundos/count_0
    ----------------------------------------
    Total                      6.548ns (4.000ns logic, 2.548ns route)
                                       (61.1% logic, 38.9% route)

=========================================================================
Timing constraint: Default OFFSET IN BEFORE for Clock 'clk'
  Total number of paths / destination ports: 5 / 5
-------------------------------------------------------------------------
Offset:              4.496ns (Levels of Logic = 2)
  Source:            stop (PAD)
  Destination:       count3_0 (FF)
  Destination Clock: clk rising

  Data Path: stop to count3_0
                                Gate     Net
    Cell:in->out      fanout   Delay   Delay  Logical Name (Net Name)
    ----------------------------------------  ------------
     IBUF:I->O             8   1.218   0.757  stop_IBUF (stop_IBUF)
     INV:I->O             32   0.704   1.262  stop_inv1_INV_0 (minutes/segundos/stop_inv)
     FDRE:CE                   0.555          count3_0
    ----------------------------------------
    Total                      4.496ns (2.477ns logic, 2.019ns route)
                                       (55.1% logic, 44.9% route)

=========================================================================
Timing constraint: Default OFFSET IN BEFORE for Clock 'clk_div'
  Total number of paths / destination ports: 9 / 9
-------------------------------------------------------------------------
Offset:              4.496ns (Levels of Logic = 2)
  Source:            stop (PAD)
  Destination:       minutes/count10_0 (FF)
  Destination Clock: clk_div rising

  Data Path: stop to minutes/count10_0
                                Gate     Net
    Cell:in->out      fanout   Delay   Delay  Logical Name (Net Name)
    ----------------------------------------  ------------
     IBUF:I->O             8   1.218   0.757  stop_IBUF (stop_IBUF)
     INV:I->O             32   0.704   1.262  stop_inv1_INV_0 (minutes/segundos/stop_inv)
     FDRE:CE                   0.555          minutes/count10_0
    ----------------------------------------
    Total                      4.496ns (2.477ns logic, 2.019ns route)
                                       (55.1% logic, 44.9% route)

=========================================================================
Timing constraint: Default OFFSET IN BEFORE for Clock 'minutes/clk_div1'
  Total number of paths / destination ports: 62 / 62
-------------------------------------------------------------------------
Offset:              5.025ns (Levels of Logic = 2)
  Source:            stop (PAD)
  Destination:       minutes/segundos/count_25 (FF)
  Destination Clock: minutes/clk_div1 rising

  Data Path: stop to minutes/segundos/count_25
                                Gate     Net
    Cell:in->out      fanout   Delay   Delay  Logical Name (Net Name)
    ----------------------------------------  ------------
     IBUF:I->O             8   1.218   0.932  stop_IBUF (stop_IBUF)
     LUT2:I0->O           26   0.704   1.260  minutes/segundos/count_and00001 (minutes/segundos/count_and0000)
     FDRE:R                    0.911          minutes/segundos/count_0
    ----------------------------------------
    Total                      5.025ns (2.833ns logic, 2.192ns route)
                                       (56.4% logic, 43.6% route)

=========================================================================
Timing constraint: Default OFFSET OUT AFTER for Clock 'minutes/clk_div1'
  Total number of paths / destination ports: 8 / 8
-------------------------------------------------------------------------
Offset:              4.394ns (Levels of Logic = 1)
  Source:            minutes/segundos/sdout_7 (FF)
  Destination:       sdout<7> (PAD)
  Source Clock:      minutes/clk_div1 rising

  Data Path: minutes/segundos/sdout_7 to sdout<7>
                                Gate     Net
    Cell:in->out      fanout   Delay   Delay  Logical Name (Net Name)
    ----------------------------------------  ------------
     FDRE:C->Q             3   0.591   0.531  minutes/segundos/sdout_7 (minutes/segundos/sdout_7)
     OBUF:I->O                 3.272          sdout_7_OBUF (sdout<7>)
    ----------------------------------------
    Total                      4.394ns (3.863ns logic, 0.531ns route)
                                       (87.9% logic, 12.1% route)

=========================================================================


Total REAL time to Xst completion: 8.00 secs
Total CPU time to Xst completion: 5.24 secs
 
--> 


Total memory usage is 610124 kilobytes

Number of errors   :    0 (   0 filtered)
Number of warnings :    0 (   0 filtered)
Number of infos    :    1 (   0 filtered)

