Running: /opt/Xilinx/14.7/ISE_DS/ISE/bin/lin64/unwrapped/fuse -intstyle ise -incremental -lib secureip -o /home/ise/Proyectos/PE2/Buffer_32Bytes/buff_sim_isim_beh.exe -prj /home/ise/Proyectos/PE2/Buffer_32Bytes/buff_sim_beh.prj work.buff_sim 
ISim P.20131013 (signature 0xfbc00daa)
Number of CPUs detected in this system: 1
Turning on mult-threading, number of parallel sub-compilation jobs: 0 
Determining compilation order of HDL files
Parsing VHDL file "/home/ise/Proyectos/PE2/Buffer_32Bytes/buff_32x8bits.vhd" into library work
Parsing VHDL file "/home/ise/Proyectos/PE2/Buffer_32Bytes/buff_sim.vhd" into library work
Starting static elaboration
Completed static elaboration
Fuse Memory Usage: 96596 KB
Fuse CPU Usage: 1460 ms
Compiling package standard
Compiling package std_logic_1164
Compiling package std_logic_arith
Compiling package std_logic_unsigned
Compiling architecture behavioral of entity buff_32x8bits [buff_32x8bits_default]
Compiling architecture behavior of entity buff_sim
Time Resolution for simulation is 1ps.
Compiled 7 VHDL Units
Built simulation executable /home/ise/Proyectos/PE2/Buffer_32Bytes/buff_sim_isim_beh.exe
Fuse Memory Usage: 111916 KB
Fuse CPU Usage: 1630 ms
GCC CPU Usage: 2830 ms
